c:\users\arc\dropbox\cpp\adobe illustrator cc 2017 sdk\samplecode\helloworld\x64\debug\vc141.pdb
c:\users\arc\dropbox\cpp\adobe illustrator cc 2017 sdk\samplecode\helloworld\x64\debug\vc141.idb
c:\users\arc\dropbox\cpp\adobe illustrator cc 2017 sdk\samplecode\helloworld\x64\debug\helloworld.obj
c:\users\arc\dropbox\cpp\adobe illustrator cc 2017 sdk\samplecode\helloworld\x64\debug\iaiunicodestring.obj
c:\users\arc\dropbox\cpp\adobe illustrator cc 2017 sdk\samplecode\output\win\x64\debug\helloworld.lib
c:\users\arc\dropbox\cpp\adobe illustrator cc 2017 sdk\samplecode\output\win\x64\debug\helloworld.exp
c:\users\arc\dropbox\cpp\adobe illustrator cc 2017 sdk\samplecode\output\win\x64\debug\helloworld.ilk
c:\users\arc\dropbox\cpp\adobe illustrator cc 2017 sdk\samplecode\output\win\x64\debug\helloworld.aip
c:\users\arc\dropbox\cpp\adobe illustrator cc 2017 sdk\samplecode\output\win\x64\debug\helloworld.pdb
c:\users\arc\dropbox\cpp\adobe illustrator cc 2017 sdk\samplecode\helloworld\x64\debug\helloworld.res
c:\users\arc\dropbox\cpp\adobe illustrator cc 2017 sdk\samplecode\helloworld\x64\debug\helloworld.tlog\cl.command.1.tlog
c:\users\arc\dropbox\cpp\adobe illustrator cc 2017 sdk\samplecode\helloworld\x64\debug\helloworld.tlog\cl.read.1.tlog
c:\users\arc\dropbox\cpp\adobe illustrator cc 2017 sdk\samplecode\helloworld\x64\debug\helloworld.tlog\cl.write.1.tlog
c:\users\arc\dropbox\cpp\adobe illustrator cc 2017 sdk\samplecode\helloworld\x64\debug\helloworld.tlog\helloworld.write.1u.tlog
c:\users\arc\dropbox\cpp\adobe illustrator cc 2017 sdk\samplecode\helloworld\x64\debug\helloworld.tlog\link.command.1.tlog
c:\users\arc\dropbox\cpp\adobe illustrator cc 2017 sdk\samplecode\helloworld\x64\debug\helloworld.tlog\link.read.1.tlog
c:\users\arc\dropbox\cpp\adobe illustrator cc 2017 sdk\samplecode\helloworld\x64\debug\helloworld.tlog\link.write.1.tlog
c:\users\arc\dropbox\cpp\adobe illustrator cc 2017 sdk\samplecode\helloworld\x64\debug\helloworld.tlog\rc.command.1.tlog
c:\users\arc\dropbox\cpp\adobe illustrator cc 2017 sdk\samplecode\helloworld\x64\debug\helloworld.tlog\rc.read.1.tlog
c:\users\arc\dropbox\cpp\adobe illustrator cc 2017 sdk\samplecode\helloworld\x64\debug\helloworld.tlog\rc.write.1.tlog
